Using pre-set license
Built from '2020.3/release' branch; Version is '2020.3.2f1 (8fd9074bf66c) revision 9427207'; Using compiler version '192528614'; Build Type 'Release'
OS: 'Windows 10 Home N; OS build 19041.928; Version 2004; 64bit' Language: 'en' Physical Memory: 16311 MB
BatchMode: 1, IsHumanControllingUs: 0, StartBugReporterOnCrash: 0, Is64bit: 1, IsPro: 0

 COMMAND LINE ARGUMENTS:
F:\untystuff\2020.3.2f1\Editor\Unity.exe
-adb2
-batchMode
-noUpm
-name
AssetImportWorker0
-projectPath
F:/untystuff/WORLD RECORD
-logFile
Logs/AssetImportWorker0.log
-srvPort
52443
Successfully changed project path to: F:/untystuff/WORLD RECORD
F:/untystuff/WORLD RECORD
Using Asset Import Pipeline V2.
Default GameObject BitMask: scrap already registered

Refreshing native plugins compatible for Editor in 129.27 ms, found 1 plugins.
Preloading 0 native plugins for Editor in 0.00 ms.
Initialize engine version: 2020.3.2f1 (8fd9074bf66c)
[Subsystems] Discovering subsystems at path F:/untystuff/2020.3.2f1/Editor/Data/Resources/UnitySubsystems
[Subsystems] Discovering subsystems at path F:/untystuff/WORLD RECORD/Assets
GfxDevice: creating device client; threaded=0
Direct3D:
    Version:  Direct3D 11.0 [level 11.1]
    Renderer: NVIDIA GeForce GTX 950 (ID=0x1402)
    Vendor:   
    VRAM:     2007 MB
    Driver:   27.21.14.6589
Initialize mono
Mono path[0] = 'F:/untystuff/2020.3.2f1/Editor/Data/Managed'
Mono path[1] = 'F:/untystuff/2020.3.2f1/Editor/Data/MonoBleedingEdge/lib/mono/unityjit'
Mono config path = 'F:/untystuff/2020.3.2f1/Editor/Data/MonoBleedingEdge/etc'
Using monoOptions --debugger-agent=transport=dt_socket,embedding=1,server=y,suspend=n,address=127.0.0.1:56264
Begin MonoManager ReloadAssembly
Registering precompiled unity dll's ...
Register platform support module: F:/untystuff/2020.3.2f1/Editor/Data/PlaybackEngines/WebGLSupport/UnityEditor.WebGL.Extensions.dll
Register platform support module: F:/untystuff/2020.3.2f1/Editor/Data/PlaybackEngines/WindowsStandaloneSupport/UnityEditor.WindowsStandalone.Extensions.dll
Registered in 0.005611 seconds.
Native extension for WindowsStandalone target not found
Native extension for WebGL target not found
Refreshing native plugins compatible for Editor in 78.88 ms, found 1 plugins.
Preloading 0 native plugins for Editor in 0.00 ms.
Invoked RoslynAnalysisRunner static constructor.
RoslynAnalysisRunner will not be running.
RoslynAnalysisRunner has terminated.
Mono: successfully reloaded assembly
- Completed reload, in  4.824 seconds
Platform modules already initialized, skipping
Registering precompiled user dll's ...
Registered in 0.004172 seconds.
Begin MonoManager ReloadAssembly
Native extension for WindowsStandalone target not found
Native extension for WebGL target not found
Refreshing native plugins compatible for Editor in 64.19 ms, found 1 plugins.
Preloading 0 native plugins for Editor in 0.00 ms.
Invoked RoslynAnalysisRunner static constructor.
RoslynAnalysisRunner will not be running.
RoslynAnalysisRunner has terminated.
Mono: successfully reloaded assembly
- Completed reload, in  2.508 seconds
Platform modules already initialized, skipping
========================================================================
Worker process is ready to serve import requests
Default GameObject BitMask: scrap already registered

Launched and connected shader compiler UnityShaderCompiler.exe after 0.08 seconds
Refreshing native plugins compatible for Editor in 0.59 ms, found 1 plugins.
Preloading 0 native plugins for Editor in 0.00 ms.
Unloading 2160 Unused Serialized files (Serialized files now loaded: 0)
System memory in use before: 104.7 MB.
System memory in use after: 104.8 MB.

Unloading 23 unused Assets to reduce memory usage. Loaded Objects now: 2620.
Total: 8.503800 ms (FindLiveObjects: 1.755300 ms CreateObjectMapping: 0.230300 ms MarkObjects: 6.463600 ms  DeleteObjects: 0.051600 ms)

========================================================================
Received Prepare
Default GameObject BitMask: scrap already registered

Registering precompiled user dll's ...
Registered in 0.023810 seconds.
Begin MonoManager ReloadAssembly
Native extension for WindowsStandalone target not found
Native extension for WebGL target not found
Refreshing native plugins compatible for Editor in 0.61 ms, found 1 plugins.
Preloading 0 native plugins for Editor in 0.00 ms.
Invoked RoslynAnalysisRunner static constructor.
RoslynAnalysisRunner will not be running.
RoslynAnalysisRunner has terminated.
Mono: successfully reloaded assembly
- Completed reload, in  2.216 seconds
Platform modules already initialized, skipping
Refreshing native plugins compatible for Editor in 0.70 ms, found 1 plugins.
Preloading 0 native plugins for Editor in 0.00 ms.
Unloading 2137 Unused Serialized files (Serialized files now loaded: 0)
System memory in use before: 103.0 MB.
System memory in use after: 103.1 MB.

Unloading 13 unused Assets to reduce memory usage. Loaded Objects now: 2625.
Total: 11.806300 ms (FindLiveObjects: 0.446900 ms CreateObjectMapping: 0.064900 ms MarkObjects: 11.265500 ms  DeleteObjects: 0.026500 ms)

========================================================================
Received Import Request.
  path: Assets/Scenes/TestScene.unity
  artifactKey: Guid(0230c64b6fe70ce4c95b4c2e48346a6d) Importer(815301076,1909f56bfc062723c751e8b465ee728b)
Start importing Assets/Scenes/TestScene.unity using Guid(0230c64b6fe70ce4c95b4c2e48346a6d) Importer(815301076,1909f56bfc062723c751e8b465ee728b)  -> (artifact id: 'cac6f983ac23f8899fce5ba9524cbf2e') in 0.041675 seconds
  Import took 0.048162 seconds .

========================================================================
Received Prepare
Default GameObject BitMask: scrap already registered

Registering precompiled user dll's ...
Registered in 0.004975 seconds.
Begin MonoManager ReloadAssembly
Native extension for WindowsStandalone target not found
Native extension for WebGL target not found
Refreshing native plugins compatible for Editor in 0.68 ms, found 1 plugins.
Preloading 0 native plugins for Editor in 0.00 ms.
Invoked RoslynAnalysisRunner static constructor.
RoslynAnalysisRunner will not be running.
RoslynAnalysisRunner has terminated.
Mono: successfully reloaded assembly
- Completed reload, in  1.454 seconds
Platform modules already initialized, skipping
Refreshing native plugins compatible for Editor in 0.60 ms, found 1 plugins.
Preloading 0 native plugins for Editor in 0.00 ms.
Unloading 2137 Unused Serialized files (Serialized files now loaded: 0)
System memory in use before: 103.0 MB.
System memory in use after: 103.1 MB.

Unloading 13 unused Assets to reduce memory usage. Loaded Objects now: 2630.
Total: 2.634100 ms (FindLiveObjects: 0.257800 ms CreateObjectMapping: 0.056300 ms MarkObjects: 2.296400 ms  DeleteObjects: 0.022100 ms)

========================================================================
Received Prepare
Default GameObject BitMask: scrap already registered

Registering precompiled user dll's ...
Registered in 0.004435 seconds.
Begin MonoManager ReloadAssembly
Native extension for WindowsStandalone target not found
Native extension for WebGL target not found
Refreshing native plugins compatible for Editor in 0.75 ms, found 1 plugins.
Preloading 0 native plugins for Editor in 0.00 ms.
Invoked RoslynAnalysisRunner static constructor.
RoslynAnalysisRunner will not be running.
RoslynAnalysisRunner has terminated.
Mono: successfully reloaded assembly
- Completed reload, in  1.756 seconds
Platform modules already initialized, skipping
Refreshing native plugins compatible for Editor in 1.18 ms, found 1 plugins.
Preloading 0 native plugins for Editor in 0.00 ms.
Unloading 2137 Unused Serialized files (Serialized files now loaded: 0)
System memory in use before: 103.0 MB.
System memory in use after: 103.2 MB.

Unloading 13 unused Assets to reduce memory usage. Loaded Objects now: 2635.
Total: 14.717700 ms (FindLiveObjects: 0.499600 ms CreateObjectMapping: 0.148100 ms MarkObjects: 13.962500 ms  DeleteObjects: 0.080200 ms)

========================================================================
Received Prepare
Default GameObject BitMask: scrap already registered

Registering precompiled user dll's ...
Registered in 0.003959 seconds.
Begin MonoManager ReloadAssembly
Native extension for WindowsStandalone target not found
Native extension for WebGL target not found
Refreshing native plugins compatible for Editor in 0.66 ms, found 1 plugins.
Preloading 0 native plugins for Editor in 0.00 ms.
Invoked RoslynAnalysisRunner static constructor.
RoslynAnalysisRunner will not be running.
RoslynAnalysisRunner has terminated.
Mono: successfully reloaded assembly
- Completed reload, in  1.503 seconds
Platform modules already initialized, skipping
Refreshing native plugins compatible for Editor in 0.67 ms, found 1 plugins.
Preloading 0 native plugins for Editor in 0.00 ms.
Unloading 2137 Unused Serialized files (Serialized files now loaded: 0)
System memory in use before: 103.1 MB.
System memory in use after: 103.2 MB.

Unloading 13 unused Assets to reduce memory usage. Loaded Objects now: 2640.
Total: 3.411400 ms (FindLiveObjects: 0.300900 ms CreateObjectMapping: 0.059200 ms MarkObjects: 3.019400 ms  DeleteObjects: 0.030300 ms)

========================================================================
Received Prepare
Default GameObject BitMask: scrap already registered

Registering precompiled user dll's ...
Registered in 0.009553 seconds.
Begin MonoManager ReloadAssembly
Native extension for WindowsStandalone target not found
Native extension for WebGL target not found
Refreshing native plugins compatible for Editor in 0.66 ms, found 1 plugins.
Preloading 0 native plugins for Editor in 0.00 ms.
Invoked RoslynAnalysisRunner static constructor.
RoslynAnalysisRunner will not be running.
RoslynAnalysisRunner has terminated.
Mono: successfully reloaded assembly
- Completed reload, in  3.307 seconds
Platform modules already initialized, skipping
Refreshing native plugins compatible for Editor in 2.06 ms, found 1 plugins.
Preloading 0 native plugins for Editor in 0.00 ms.
Unloading 2137 Unused Serialized files (Serialized files now loaded: 0)
System memory in use before: 103.1 MB.
System memory in use after: 103.2 MB.

Unloading 13 unused Assets to reduce memory usage. Loaded Objects now: 2645.
Total: 10.060300 ms (FindLiveObjects: 1.143900 ms CreateObjectMapping: 0.137200 ms MarkObjects: 8.752000 ms  DeleteObjects: 0.025000 ms)

========================================================================
Received Prepare
Default GameObject BitMask: scrap already registered

Registering precompiled user dll's ...
Registered in 0.003733 seconds.
Begin MonoManager ReloadAssembly
Native extension for WindowsStandalone target not found
Native extension for WebGL target not found
Refreshing native plugins compatible for Editor in 0.72 ms, found 1 plugins.
Preloading 0 native plugins for Editor in 0.00 ms.
Invoked RoslynAnalysisRunner static constructor.
RoslynAnalysisRunner will not be running.
RoslynAnalysisRunner has terminated.
Mono: successfully reloaded assembly
- Completed reload, in  1.676 seconds
Platform modules already initialized, skipping
Refreshing native plugins compatible for Editor in 0.62 ms, found 1 plugins.
Preloading 0 native plugins for Editor in 0.00 ms.
Unloading 2137 Unused Serialized files (Serialized files now loaded: 0)
System memory in use before: 103.1 MB.
System memory in use after: 103.2 MB.

Unloading 13 unused Assets to reduce memory usage. Loaded Objects now: 2650.
Total: 3.972200 ms (FindLiveObjects: 0.310900 ms CreateObjectMapping: 0.215600 ms MarkObjects: 3.412400 ms  DeleteObjects: 0.031100 ms)

========================================================================
Received Prepare
Default GameObject BitMask: scrap already registered

Registering precompiled user dll's ...
Registered in 0.004103 seconds.
Begin MonoManager ReloadAssembly
Native extension for WindowsStandalone target not found
Native extension for WebGL target not found
Refreshing native plugins compatible for Editor in 0.73 ms, found 1 plugins.
Preloading 0 native plugins for Editor in 0.00 ms.
Invoked RoslynAnalysisRunner static constructor.
RoslynAnalysisRunner will not be running.
RoslynAnalysisRunner has terminated.
Mono: successfully reloaded assembly
- Completed reload, in  1.404 seconds
Platform modules already initialized, skipping
Refreshing native plugins compatible for Editor in 0.70 ms, found 1 plugins.
Preloading 0 native plugins for Editor in 0.00 ms.
Unloading 2137 Unused Serialized files (Serialized files now loaded: 0)
System memory in use before: 103.1 MB.
System memory in use after: 103.2 MB.

Unloading 13 unused Assets to reduce memory usage. Loaded Objects now: 2655.
Total: 2.899400 ms (FindLiveObjects: 0.287700 ms CreateObjectMapping: 0.059900 ms MarkObjects: 2.517700 ms  DeleteObjects: 0.031700 ms)

========================================================================
Received Prepare
Default GameObject BitMask: scrap already registered

Registering precompiled user dll's ...
Registered in 0.006614 seconds.
Begin MonoManager ReloadAssembly
Native extension for WindowsStandalone target not found
Native extension for WebGL target not found
Refreshing native plugins compatible for Editor in 0.68 ms, found 1 plugins.
Preloading 0 native plugins for Editor in 0.00 ms.
Invoked RoslynAnalysisRunner static constructor.
RoslynAnalysisRunner will not be running.
RoslynAnalysisRunner has terminated.
Mono: successfully reloaded assembly
- Completed reload, in  4.170 seconds
Platform modules already initialized, skipping
Refreshing native plugins compatible for Editor in 1.92 ms, found 1 plugins.
Preloading 0 native plugins for Editor in 0.00 ms.
Unloading 2137 Unused Serialized files (Serialized files now loaded: 0)
System memory in use before: 103.1 MB.
System memory in use after: 103.2 MB.

Unloading 13 unused Assets to reduce memory usage. Loaded Objects now: 2660.
Total: 11.073800 ms (FindLiveObjects: 1.223900 ms CreateObjectMapping: 0.532500 ms MarkObjects: 9.209100 ms  DeleteObjects: 0.106200 ms)

========================================================================
Received Prepare
Default GameObject BitMask: scrap already registered

Registering precompiled user dll's ...
Registered in 0.005506 seconds.
Begin MonoManager ReloadAssembly
Native extension for WindowsStandalone target not found
Native extension for WebGL target not found
Refreshing native plugins compatible for Editor in 0.75 ms, found 1 plugins.
Preloading 0 native plugins for Editor in 0.00 ms.
Invoked RoslynAnalysisRunner static constructor.
RoslynAnalysisRunner will not be running.
RoslynAnalysisRunner has terminated.
Mono: successfully reloaded assembly
- Completed reload, in  1.499 seconds
Platform modules already initialized, skipping
Refreshing native plugins compatible for Editor in 0.67 ms, found 1 plugins.
Preloading 0 native plugins for Editor in 0.00 ms.
Unloading 2137 Unused Serialized files (Serialized files now loaded: 0)
System memory in use before: 103.1 MB.
System memory in use after: 103.2 MB.

Unloading 13 unused Assets to reduce memory usage. Loaded Objects now: 2665.
Total: 3.200000 ms (FindLiveObjects: 0.329900 ms CreateObjectMapping: 0.059100 ms MarkObjects: 2.780000 ms  DeleteObjects: 0.028000 ms)

========================================================================
Received Prepare
Default GameObject BitMask: scrap already registered

Registering precompiled user dll's ...
Registered in 0.005253 seconds.
Begin MonoManager ReloadAssembly
Native extension for WindowsStandalone target not found
Native extension for WebGL target not found
Refreshing native plugins compatible for Editor in 0.67 ms, found 1 plugins.
Preloading 0 native plugins for Editor in 0.00 ms.
Invoked RoslynAnalysisRunner static constructor.
RoslynAnalysisRunner will not be running.
RoslynAnalysisRunner has terminated.
Mono: successfully reloaded assembly
- Completed reload, in  1.760 seconds
Platform modules already initialized, skipping
Refreshing native plugins compatible for Editor in 0.63 ms, found 1 plugins.
Preloading 0 native plugins for Editor in 0.00 ms.
Unloading 2137 Unused Serialized files (Serialized files now loaded: 0)
System memory in use before: 103.1 MB.
System memory in use after: 103.2 MB.

Unloading 13 unused Assets to reduce memory usage. Loaded Objects now: 2670.
Total: 3.343500 ms (FindLiveObjects: 0.319900 ms CreateObjectMapping: 0.060900 ms MarkObjects: 2.927900 ms  DeleteObjects: 0.031800 ms)

========================================================================
Received Prepare
Default GameObject BitMask: scrap already registered

Registering precompiled user dll's ...
Registered in 0.003975 seconds.
Begin MonoManager ReloadAssembly
Native extension for WindowsStandalone target not found
Native extension for WebGL target not found
Refreshing native plugins compatible for Editor in 0.68 ms, found 1 plugins.
Preloading 0 native plugins for Editor in 0.00 ms.
Invoked RoslynAnalysisRunner static constructor.
RoslynAnalysisRunner will not be running.
RoslynAnalysisRunner has terminated.
Mono: successfully reloaded assembly
- Completed reload, in  2.462 seconds
Platform modules already initialized, skipping
Refreshing native plugins compatible for Editor in 0.78 ms, found 1 plugins.
Preloading 0 native plugins for Editor in 0.00 ms.
Unloading 2137 Unused Serialized files (Serialized files now loaded: 0)
System memory in use before: 103.1 MB.
System memory in use after: 103.2 MB.

Unloading 13 unused Assets to reduce memory usage. Loaded Objects now: 2675.
Total: 3.126500 ms (FindLiveObjects: 0.324500 ms CreateObjectMapping: 0.060500 ms MarkObjects: 2.712600 ms  DeleteObjects: 0.027100 ms)

========================================================================
Received Prepare
Default GameObject BitMask: scrap already registered

Registering precompiled user dll's ...
Registered in 0.003683 seconds.
Begin MonoManager ReloadAssembly
Native extension for WindowsStandalone target not found
Native extension for WebGL target not found
Refreshing native plugins compatible for Editor in 2.53 ms, found 1 plugins.
Preloading 0 native plugins for Editor in 0.00 ms.
Invoked RoslynAnalysisRunner static constructor.
RoslynAnalysisRunner will not be running.
RoslynAnalysisRunner has terminated.
Mono: successfully reloaded assembly
- Completed reload, in  1.811 seconds
Platform modules already initialized, skipping
Refreshing native plugins compatible for Editor in 0.72 ms, found 1 plugins.
Preloading 0 native plugins for Editor in 0.00 ms.
Unloading 2137 Unused Serialized files (Serialized files now loaded: 0)
System memory in use before: 103.1 MB.
System memory in use after: 103.3 MB.

Unloading 13 unused Assets to reduce memory usage. Loaded Objects now: 2680.
Total: 2.859100 ms (FindLiveObjects: 0.385800 ms CreateObjectMapping: 0.058400 ms MarkObjects: 2.391800 ms  DeleteObjects: 0.021500 ms)

========================================================================
Received Prepare
Default GameObject BitMask: scrap already registered

Registering precompiled user dll's ...
Registered in 0.004218 seconds.
Begin MonoManager ReloadAssembly
Native extension for WindowsStandalone target not found
Native extension for WebGL target not found
Refreshing native plugins compatible for Editor in 0.72 ms, found 1 plugins.
Preloading 0 native plugins for Editor in 0.00 ms.
Invoked RoslynAnalysisRunner static constructor.
RoslynAnalysisRunner will not be running.
RoslynAnalysisRunner has terminated.
Mono: successfully reloaded assembly
- Completed reload, in  2.324 seconds
Platform modules already initialized, skipping
Refreshing native plugins compatible for Editor in 0.68 ms, found 1 plugins.
Preloading 0 native plugins for Editor in 0.00 ms.
Unloading 2137 Unused Serialized files (Serialized files now loaded: 0)
System memory in use before: 103.1 MB.
System memory in use after: 103.3 MB.

Unloading 13 unused Assets to reduce memory usage. Loaded Objects now: 2685.
Total: 4.355600 ms (FindLiveObjects: 0.788000 ms CreateObjectMapping: 0.166000 ms MarkObjects: 3.367500 ms  DeleteObjects: 0.031900 ms)

========================================================================
Received Prepare
Default GameObject BitMask: scrap already registered

Refreshing native plugins compatible for Editor in 4.06 ms, found 1 plugins.
Preloading 0 native plugins for Editor in 0.00 ms.
Unloading 10 Unused Serialized files (Serialized files now loaded: 0)
System memory in use before: 61.1 MB.
System memory in use after: 61.2 MB.

Unloading 9 unused Assets to reduce memory usage. Loaded Objects now: 2685.
Total: 3.939500 ms (FindLiveObjects: 0.331400 ms CreateObjectMapping: 0.060300 ms MarkObjects: 3.520300 ms  DeleteObjects: 0.025600 ms)

